0 info it worked if it ends with ok
1 verbose cli [ '/usr/local/Cellar/node/7.4.0/bin/node',
1 verbose cli   '/usr/local/bin/npm',
1 verbose cli   'run',
1 verbose cli   'build' ]
2 info using npm@4.0.5
3 info using node@v7.4.0
4 verbose run-script [ 'prebuild', 'build', 'postbuild' ]
5 info lifecycle Widgets@1.0.0~prebuild: Widgets@1.0.0
6 silly lifecycle Widgets@1.0.0~prebuild: no script for prebuild, continuing
7 info lifecycle Widgets@1.0.0~build: Widgets@1.0.0
8 verbose lifecycle Widgets@1.0.0~build: unsafe-perm in lifecycle true
9 verbose lifecycle Widgets@1.0.0~build: PATH: /usr/local/lib/node_modules/npm/bin/node-gyp-bin:/Users/iDannyOu/Documents/app_academy/Widgets/node_modules/.bin:/Users/iDannyOu/.rvm/gems/ruby-2.3.3/bin:/Users/iDannyOu/.rvm/gems/ruby-2.3.3@global/bin:/Users/iDannyOu/.rvm/rubies/ruby-2.3.3/bin:/usr/local/bin:/usr/bin:/bin:/usr/sbin:/sbin:/Applications/Postgres.app/Contents/Versions/latest/bin:/Users/iDannyOu/.rvm/bin
10 verbose lifecycle Widgets@1.0.0~build: CWD: /Users/iDannyOu/Documents/app_academy/Widgets
11 silly lifecycle Widgets@1.0.0~build: Args: [ '-c', 'node packages/react-scripts/scripts/build.js' ]
12 silly lifecycle Widgets@1.0.0~build: Returned: code: 1  signal: null
13 info lifecycle Widgets@1.0.0~build: Failed to exec build script
14 verbose stack Error: Widgets@1.0.0 build: `node packages/react-scripts/scripts/build.js`
14 verbose stack Exit status 1
14 verbose stack     at EventEmitter.<anonymous> (/usr/local/lib/node_modules/npm/lib/utils/lifecycle.js:279:16)
14 verbose stack     at emitTwo (events.js:106:13)
14 verbose stack     at EventEmitter.emit (events.js:191:7)
14 verbose stack     at ChildProcess.<anonymous> (/usr/local/lib/node_modules/npm/lib/utils/spawn.js:40:14)
14 verbose stack     at emitTwo (events.js:106:13)
14 verbose stack     at ChildProcess.emit (events.js:191:7)
14 verbose stack     at maybeClose (internal/child_process.js:885:16)
14 verbose stack     at Process.ChildProcess._handle.onexit (internal/child_process.js:226:5)
15 verbose pkgid Widgets@1.0.0
16 verbose cwd /Users/iDannyOu/Documents/app_academy/Widgets
17 error Darwin 16.5.0
18 error argv "/usr/local/Cellar/node/7.4.0/bin/node" "/usr/local/bin/npm" "run" "build"
19 error node v7.4.0
20 error npm  v4.0.5
21 error code ELIFECYCLE
22 error Widgets@1.0.0 build: `node packages/react-scripts/scripts/build.js`
22 error Exit status 1
23 error Failed at the Widgets@1.0.0 build script 'node packages/react-scripts/scripts/build.js'.
23 error Make sure you have the latest version of node.js and npm installed.
23 error If you do, this is most likely a problem with the Widgets package,
23 error not with npm itself.
23 error Tell the author that this fails on your system:
23 error     node packages/react-scripts/scripts/build.js
23 error You can get information on how to open an issue for this project with:
23 error     npm bugs Widgets
23 error Or if that isn't available, you can get their info via:
23 error     npm owner ls Widgets
23 error There is likely additional logging output above.
24 verbose exit [ 1, true ]
